<?xml version="1.0" encoding="UTF-8"?>
<!-- Generated by org.testng.reporters.JUnitXMLReporter -->
<testsuite ignored="0" hostname="INLEN8520065665" failures="0" tests="2" name="Error validation  Test" time="14.297" errors="0" timestamp="2024-07-08T09:26:46 IST">
  <testcase classname="Selenium_Framework.Test.ErrorValidations" name="LoginErrorValidation" time="0.0">
    <skipped/>
  </testcase> <!-- LoginErrorValidation -->
  <testcase classname="Selenium_Framework.Test.ErrorValidations" name="ProductErrorValidation" time="0.0">
    <skipped/>
  </testcase> <!-- ProductErrorValidation -->
</testsuite> <!-- Error validation  Test -->
